[23:53:19] 🤖 Запуск EPG-робота v3 (Node.js)...
[23:53:19] 📂 Реестр каналов не найден, старт со стартового списка (25 каналов)
[23:53:19] 📡 Шаг 1: реальные XMLTV-агрегаторы...
[23:53:19]   → XMLTV: https://epgshare01.online/epgshare01/epg_ripper_ALL_SOURCES1.xml.gz
[23:53:23] ⚠️  https://epgshare01.online/epgshare01/epg_ripper_ALL_SOURCES1.xml.gz: Cannot create a string longer than 0x1fffffe8 characters
[23:53:23]   → XMLTV: https://raw.githubusercontent.com/Free-TV/IPTV/master/epg.xml
[23:53:23] ⚠️  https://raw.githubusercontent.com/Free-TV/IPTV/master/epg.xml: HTTP 404 для https://raw.githubusercontent.com/Free-TV/IPTV/master/epg.xml
[23:53:23]   → XMLTV: https://iptv-org.github.io/epg/guides/ru.xml
[23:53:23] ⚠️  https://iptv-org.github.io/epg/guides/ru.xml: HTTP 404 для https://iptv-org.github.io/epg/guides/ru.xml
[23:53:23] ⚠️  Ни один публичный XMLTV-источник не ответил в этот раз
[23:53:23] 🔍 Шаг 2: веб-поиск расписания для 25 каналов без данных...
[23:53:28]   ✅ Первый канал: 33 передач со страницы programma-peredach.com
[23:53:30]   ✅ Россия 1: 26 передач со страницы programma-peredach.com
[23:53:31] ⚠️  webSearch: ни один backend не дал результатов для "НТВ программа передач сегодня"
[23:53:31] ⚠️  webSearch: ни один backend не дал результатов для "СТС программа передач сегодня"
[23:53:32] ⚠️  webSearch: ни один backend не дал результатов для "РЕН ТВ программа передач сегодня"
[23:53:32] ⚠️  webSearch: ни один backend не дал результатов для "ТНТ программа передач сегодня"
[23:53:32] ⚠️  webSearch: ни один backend не дал результатов для "Пятый канал программа передач сегодня"
[23:53:33] ⚠️  webSearch: ни один backend не дал результатов для "ТВ Центр программа передач сегодня"
[23:53:33] ⚠️  webSearch: ни один backend не дал результатов для "ОТР программа передач сегодня"
[23:53:33] ⚠️  webSearch: ни один backend не дал результатов для "Звезда программа передач сегодня"
[23:53:34] ⚠️  webSearch: ни один backend не дал результатов для "ТВ-3 программа передач сегодня"
[23:53:34] ⚠️  webSearch: ни один backend не дал результатов для "Суббота! программа передач сегодня"
[23:53:34] ⚠️  webSearch: ни один backend не дал результатов для "Дом Кино программа передач сегодня"
[23:53:35] ⚠️  webSearch: ни один backend не дал результатов для "Карусель программа передач сегодня"
[23:53:35] ⚠️  webSearch: ни один backend не дал результатов для "Наука программа передач сегодня"
[23:53:36] ⚠️  webSearch: ни один backend не дал результатов для "МУЗ-ТВ программа передач сегодня"
[23:53:36] ⚠️  webSearch: ни один backend не дал результатов для "Матч! ТВ программа передач сегодня"
[23:53:36] ⚠️  webSearch: ни один backend не дал результатов для "Россия 24 программа передач сегодня"
[23:53:37] ⚠️  webSearch: ни один backend не дал результатов для "Домашний программа передач сегодня"
[23:53:37] ⚠️  webSearch: ни один backend не дал результатов для "Пятница! программа передач сегодня"
[23:53:37] ⚠️  webSearch: ни один backend не дал результатов для "Россия Культура программа передач сегодня"
[23:53:37] ⚠️  webSearch: ни один backend не дал результатов для "ТНТ4 программа передач сегодня"
[23:53:38] ⚠️  webSearch: ни один backend не дал результатов для "2x2 программа передач сегодня"
[23:53:38] ⚠️  webSearch: ни один backend не дал результатов для "Мир программа передач сегодня"
[23:53:38] ⚠️  webSearch: ни один backend не дал результатов для "Спас программа передач сегодня"
[23:53:38] 📺 Шаг 3 (резерв): Яндекс.ТВ API для 23 каналов без расписания...
[23:53:39] ⚠️  Яндекс.ТВ каталог недоступен: HTTP 404 для https://tv.yandex.ru/ajax/i-tv-region/get?resource=schedule&params=%7B%22channelLimit%22%3A1000%2C%22channelProgramsLimit%22%3A1%2C%22fields%22%3A%22schedules%2Cchannel%2Ctitle%2CsiteUrl%2Clogo%2CoriginalSize%2Csrc%2Cid%2Csynonyms%22%7D
[23:53:39] 🎬 Шаг 4: загрузка m3u8-плейлистов...
[23:53:40]   📺 Плейлист https://raw.githubusercontent.com/OinkTechLLC/livem3u/main/zabava-full.m3u: 2222 записей
[23:53:40]   📺 Плейлист https://raw.githubusercontent.com/OinkTechLtd/rulive/main/russ.m3u: 12 записей
[23:53:40]   📺 Плейлист https://raw.githubusercontent.com/OinkTechLLC/livem3u/main/smotrim.m3u: 310 записей
[23:53:40]   📡 Привязано 21 реальных потоков
[23:53:40] 💾 Реестр каналов сохранён: 25 каналов
[23:53:40] ✅ Итого: 25 каналов в реестре, 2 с реальным расписанием (4 передач), 20.5с
[20:53:40] 📊 schedule.json: 25 каналов, 4 передач
[20:53:40] 🏗️  Собираем docs/...
[20:53:40]   ✅ index.html
[20:53:40]   ✅ embed.html
[20:53:40]   ✅ player.html
[20:53:40] ✅ docs/ собран
[01:42:37] 🤖 Запуск EPG-робота v3 (Node.js)...
[01:42:37] 📂 Загружен реестр каналов: 25 каналов
[01:42:37] 📡 Шаг 1: реальные XMLTV-агрегаторы...
[01:42:37]   → XMLTV: https://epgshare01.online/epgshare01/epg_ripper_ALL_SOURCES1.xml.gz
[01:42:41] ⚠️  https://epgshare01.online/epgshare01/epg_ripper_ALL_SOURCES1.xml.gz: Cannot create a string longer than 0x1fffffe8 characters
[01:42:41]   → XMLTV: https://raw.githubusercontent.com/Free-TV/IPTV/master/epg.xml
[01:42:41] ⚠️  https://raw.githubusercontent.com/Free-TV/IPTV/master/epg.xml: HTTP 404 для https://raw.githubusercontent.com/Free-TV/IPTV/master/epg.xml
[01:42:41]   → XMLTV: https://iptv-org.github.io/epg/guides/ru.xml
[01:42:41] ⚠️  https://iptv-org.github.io/epg/guides/ru.xml: HTTP 404 для https://iptv-org.github.io/epg/guides/ru.xml
[01:42:41] ⚠️  Ни один публичный XMLTV-источник не ответил в этот раз
[01:42:41] 🔍 Шаг 2: веб-поиск расписания для 25 каналов без данных...
[01:42:43]   ✅ Первый канал: 33 передач со страницы programma-peredach.com
[01:42:44]   ✅ Россия 1: 26 передач со страницы programma-peredach.com
[01:42:45] ⚠️  webSearch: ни один backend не дал результатов для "НТВ программа передач сегодня"
[01:42:46] ⚠️  webSearch: ни один backend не дал результатов для "СТС программа передач сегодня"
[01:42:46] ⚠️  webSearch: ни один backend не дал результатов для "РЕН ТВ программа передач сегодня"
[01:42:46] ⚠️  webSearch: ни один backend не дал результатов для "ТНТ программа передач сегодня"
[01:42:46] ⚠️  webSearch: ни один backend не дал результатов для "Пятый канал программа передач сегодня"
[01:42:46] ⚠️  webSearch: ни один backend не дал результатов для "ТВ Центр программа передач сегодня"
[01:42:47] ⚠️  webSearch: ни один backend не дал результатов для "ОТР программа передач сегодня"
[01:42:47] ⚠️  webSearch: ни один backend не дал результатов для "Звезда программа передач сегодня"
[01:42:47] ⚠️  webSearch: ни один backend не дал результатов для "ТВ-3 программа передач сегодня"
[01:42:47] ⚠️  webSearch: ни один backend не дал результатов для "Суббота! программа передач сегодня"
[01:42:48] ⚠️  webSearch: ни один backend не дал результатов для "Дом Кино программа передач сегодня"
[01:42:48] ⚠️  webSearch: ни один backend не дал результатов для "Карусель программа передач сегодня"
[01:42:48] ⚠️  webSearch: ни один backend не дал результатов для "Наука программа передач сегодня"
[01:42:48] ⚠️  webSearch: ни один backend не дал результатов для "МУЗ-ТВ программа передач сегодня"
[01:42:49] ⚠️  webSearch: ни один backend не дал результатов для "Матч! ТВ программа передач сегодня"
[01:42:49] ⚠️  webSearch: ни один backend не дал результатов для "Россия 24 программа передач сегодня"
[01:42:49] ⚠️  webSearch: ни один backend не дал результатов для "Домашний программа передач сегодня"
[01:42:49] ⚠️  webSearch: ни один backend не дал результатов для "Пятница! программа передач сегодня"
[01:42:49] ⚠️  webSearch: ни один backend не дал результатов для "Россия Культура программа передач сегодня"
[01:42:49] ⚠️  webSearch: ни один backend не дал результатов для "ТНТ4 программа передач сегодня"
[01:42:50] ⚠️  webSearch: ни один backend не дал результатов для "2x2 программа передач сегодня"
[01:42:50] ⚠️  webSearch: ни один backend не дал результатов для "Мир программа передач сегодня"
[01:42:50] ⚠️  webSearch: ни один backend не дал результатов для "Спас программа передач сегодня"
[01:42:50] 📺 Шаг 3 (резерв): Яндекс.ТВ API для 23 каналов без расписания...
[01:42:51] ⚠️  Яндекс.ТВ каталог недоступен: HTTP 404 для https://tv.yandex.ru/ajax/i-tv-region/get?resource=schedule&params=%7B%22channelLimit%22%3A1000%2C%22channelProgramsLimit%22%3A1%2C%22fields%22%3A%22schedules%2Cchannel%2Ctitle%2CsiteUrl%2Clogo%2CoriginalSize%2Csrc%2Cid%2Csynonyms%22%7D
[01:42:51] 🎬 Шаг 4: загрузка m3u8-плейлистов...
[01:42:51]   📺 Плейлист https://raw.githubusercontent.com/OinkTechLLC/livem3u/main/zabava-full.m3u: 2222 записей
[01:42:51]   📺 Плейлист https://raw.githubusercontent.com/OinkTechLtd/rulive/main/russ.m3u: 12 записей
[01:42:51]   📺 Плейлист https://raw.githubusercontent.com/OinkTechLLC/livem3u/main/smotrim.m3u: 310 записей
[01:42:51]   📡 Привязано 0 реальных потоков
[01:42:51] 💾 Реестр каналов сохранён: 25 каналов
[01:42:51] ✅ Итого: 25 каналов в реестре, 2 с реальным расписанием (59 передач), 14.0с
[22:42:51] 📊 schedule.json: 25 каналов, 59 передач
[22:42:51] 🏗️  Собираем docs/...
[22:42:51]   ✅ index.html
[22:42:51]   ✅ embed.html
[22:42:51]   ✅ player.html
[22:42:51] ✅ docs/ собран
[05:56:37] 🤖 Запуск EPG-робота v3 (Node.js)...
[05:56:37] 📂 Загружен реестр каналов: 25 каналов
[05:56:37] 📡 Шаг 1: реальные XMLTV-агрегаторы...
[05:56:37]   → XMLTV: https://epgshare01.online/epgshare01/epg_ripper_ALL_SOURCES1.xml.gz
[05:56:41] ⚠️  https://epgshare01.online/epgshare01/epg_ripper_ALL_SOURCES1.xml.gz: Cannot create a string longer than 0x1fffffe8 characters
[05:56:41]   → XMLTV: https://raw.githubusercontent.com/Free-TV/IPTV/master/epg.xml
[05:56:42] ⚠️  https://raw.githubusercontent.com/Free-TV/IPTV/master/epg.xml: HTTP 404 для https://raw.githubusercontent.com/Free-TV/IPTV/master/epg.xml
[05:56:42]   → XMLTV: https://iptv-org.github.io/epg/guides/ru.xml
[05:56:42] ⚠️  https://iptv-org.github.io/epg/guides/ru.xml: HTTP 404 для https://iptv-org.github.io/epg/guides/ru.xml
[05:56:42] ⚠️  Ни один публичный XMLTV-источник не ответил в этот раз
[05:56:42] 🔍 Шаг 2: веб-поиск расписания для 25 каналов без данных...
[05:56:43]   ✅ Первый канал: 33 передач со страницы programma-peredach.com
[05:56:45]   ✅ Россия 1: 26 передач со страницы programma-peredach.com
[05:56:46] ⚠️  webSearch: ни один backend не дал результатов для "НТВ программа передач сегодня"
[05:56:46] ⚠️  webSearch: ни один backend не дал результатов для "СТС программа передач сегодня"
[05:56:46] ⚠️  webSearch: ни один backend не дал результатов для "РЕН ТВ программа передач сегодня"
[05:56:47] ⚠️  webSearch: ни один backend не дал результатов для "ТНТ программа передач сегодня"
[05:56:47] ⚠️  webSearch: ни один backend не дал результатов для "Пятый канал программа передач сегодня"
[05:56:48] ⚠️  webSearch: ни один backend не дал результатов для "ТВ Центр программа передач сегодня"
[05:56:48] ⚠️  webSearch: ни один backend не дал результатов для "ОТР программа передач сегодня"
[05:56:48] ⚠️  webSearch: ни один backend не дал результатов для "Звезда программа передач сегодня"
[05:56:49] ⚠️  webSearch: ни один backend не дал результатов для "ТВ-3 программа передач сегодня"
[05:56:49] ⚠️  webSearch: ни один backend не дал результатов для "Суббота! программа передач сегодня"
[05:56:49] ⚠️  webSearch: ни один backend не дал результатов для "Дом Кино программа передач сегодня"
[05:56:50] ⚠️  webSearch: ни один backend не дал результатов для "Карусель программа передач сегодня"
[05:56:50] ⚠️  webSearch: ни один backend не дал результатов для "Наука программа передач сегодня"
[05:56:50] ⚠️  webSearch: ни один backend не дал результатов для "МУЗ-ТВ программа передач сегодня"
[05:56:50] ⚠️  webSearch: ни один backend не дал результатов для "Матч! ТВ программа передач сегодня"
[05:56:51] ⚠️  webSearch: ни один backend не дал результатов для "Россия 24 программа передач сегодня"
[05:56:51] ⚠️  webSearch: ни один backend не дал результатов для "Домашний программа передач сегодня"
[05:56:51] ⚠️  webSearch: ни один backend не дал результатов для "Пятница! программа передач сегодня"
[05:56:52] ⚠️  webSearch: ни один backend не дал результатов для "Россия Культура программа передач сегодня"
[05:56:52] ⚠️  webSearch: ни один backend не дал результатов для "ТНТ4 программа передач сегодня"
[05:56:52] ⚠️  webSearch: ни один backend не дал результатов для "2x2 программа передач сегодня"
[05:56:53] ⚠️  webSearch: ни один backend не дал результатов для "Мир программа передач сегодня"
[05:56:53] ⚠️  webSearch: ни один backend не дал результатов для "Спас программа передач сегодня"
[05:56:53] 📺 Шаг 3 (резерв): Яндекс.ТВ API для 23 каналов без расписания...
[05:56:54] ⚠️  Яндекс.ТВ каталог недоступен: HTTP 404 для https://tv.yandex.ru/ajax/i-tv-region/get?resource=schedule&params=%7B%22channelLimit%22%3A1000%2C%22channelProgramsLimit%22%3A1%2C%22fields%22%3A%22schedules%2Cchannel%2Ctitle%2CsiteUrl%2Clogo%2CoriginalSize%2Csrc%2Cid%2Csynonyms%22%7D
[05:56:54] 🎬 Шаг 4: загрузка m3u8-плейлистов...
[05:56:54]   📺 Плейлист https://raw.githubusercontent.com/OinkTechLLC/livem3u/main/zabava-full.m3u: 2222 записей
[05:56:55]   📺 Плейлист https://raw.githubusercontent.com/OinkTechLtd/rulive/main/russ.m3u: 12 записей
[05:56:55]   📺 Плейлист https://raw.githubusercontent.com/OinkTechLLC/livem3u/main/smotrim.m3u: 310 записей
[05:56:55]   📡 Привязано 0 реальных потоков
[05:56:55] 💾 Реестр каналов сохранён: 25 каналов
[05:56:55] ✅ Итого: 25 каналов в реестре, 2 с реальным расписанием (49 передач), 17.7с
[02:56:55] 📊 schedule.json: 25 каналов, 49 передач
[02:56:55] 🏗️  Собираем docs/...
[02:56:55]   ✅ index.html
[02:56:55]   ✅ embed.html
[02:56:55]   ✅ player.html
[02:56:55] ✅ docs/ собран
[11:06:15] 🤖 Запуск EPG-робота v3 (Node.js)...
[11:06:15] 📂 Загружен реестр каналов: 25 каналов
[11:06:15] 📡 Шаг 1: реальные XMLTV-агрегаторы...
[11:06:15]   → XMLTV: https://epgshare01.online/epgshare01/epg_ripper_ALL_SOURCES1.xml.gz
[11:06:20] ⚠️  https://epgshare01.online/epgshare01/epg_ripper_ALL_SOURCES1.xml.gz: Cannot create a string longer than 0x1fffffe8 characters
[11:06:20]   → XMLTV: https://raw.githubusercontent.com/Free-TV/IPTV/master/epg.xml
[11:06:20] ⚠️  https://raw.githubusercontent.com/Free-TV/IPTV/master/epg.xml: HTTP 404 для https://raw.githubusercontent.com/Free-TV/IPTV/master/epg.xml
[11:06:20]   → XMLTV: https://iptv-org.github.io/epg/guides/ru.xml
[11:06:20] ⚠️  https://iptv-org.github.io/epg/guides/ru.xml: HTTP 404 для https://iptv-org.github.io/epg/guides/ru.xml
[11:06:20] ⚠️  Ни один публичный XMLTV-источник не ответил в этот раз
[11:06:20] 🔍 Шаг 2: веб-поиск расписания для 25 каналов без данных...
[11:06:22]   ✅ Первый канал: 32 передач со страницы programma-peredach.com
[11:06:23]   ✅ Россия 1: 26 передач со страницы programma-peredach.com
[11:06:24] ⚠️  webSearch: ни один backend не дал результатов для "НТВ программа передач сегодня"
[11:06:24] ⚠️  webSearch: ни один backend не дал результатов для "СТС программа передач сегодня"
[11:06:24] ⚠️  webSearch: ни один backend не дал результатов для "РЕН ТВ программа передач сегодня"
[11:06:25] ⚠️  webSearch: ни один backend не дал результатов для "ТНТ программа передач сегодня"
[11:06:25] ⚠️  webSearch: ни один backend не дал результатов для "Пятый канал программа передач сегодня"
[11:06:25] ⚠️  webSearch: ни один backend не дал результатов для "ТВ Центр программа передач сегодня"
[11:06:25] ⚠️  webSearch: ни один backend не дал результатов для "ОТР программа передач сегодня"
[11:06:25] ⚠️  webSearch: ни один backend не дал результатов для "Звезда программа передач сегодня"
[11:06:25] ⚠️  webSearch: ни один backend не дал результатов для "ТВ-3 программа передач сегодня"
[11:06:26] ⚠️  webSearch: ни один backend не дал результатов для "Суббота! программа передач сегодня"
[11:06:26] ⚠️  webSearch: ни один backend не дал результатов для "Дом Кино программа передач сегодня"
[11:06:26] ⚠️  webSearch: ни один backend не дал результатов для "Карусель программа передач сегодня"
[11:06:26] ⚠️  webSearch: ни один backend не дал результатов для "Наука программа передач сегодня"
[11:06:26] ⚠️  webSearch: ни один backend не дал результатов для "МУЗ-ТВ программа передач сегодня"
[11:06:26] ⚠️  webSearch: ни один backend не дал результатов для "Матч! ТВ программа передач сегодня"
[11:06:27] ⚠️  webSearch: ни один backend не дал результатов для "Россия 24 программа передач сегодня"
[11:06:27] ⚠️  webSearch: ни один backend не дал результатов для "Домашний программа передач сегодня"
[11:06:27] ⚠️  webSearch: ни один backend не дал результатов для "Пятница! программа передач сегодня"
[11:06:27] ⚠️  webSearch: ни один backend не дал результатов для "Россия Культура программа передач сегодня"
[11:06:27] ⚠️  webSearch: ни один backend не дал результатов для "ТНТ4 программа передач сегодня"
[11:06:27] ⚠️  webSearch: ни один backend не дал результатов для "2x2 программа передач сегодня"
[11:06:28] ⚠️  webSearch: ни один backend не дал результатов для "Мир программа передач сегодня"
[11:06:28] ⚠️  webSearch: ни один backend не дал результатов для "Спас программа передач сегодня"
[11:06:28] 📺 Шаг 3 (резерв): Яндекс.ТВ API для 23 каналов без расписания...
[11:06:29] ⚠️  Яндекс.ТВ каталог недоступен: HTTP 404 для https://tv.yandex.ru/ajax/i-tv-region/get?resource=schedule&params=%7B%22channelLimit%22%3A1000%2C%22channelProgramsLimit%22%3A1%2C%22fields%22%3A%22schedules%2Cchannel%2Ctitle%2CsiteUrl%2Clogo%2CoriginalSize%2Csrc%2Cid%2Csynonyms%22%7D
[11:06:29] 🎬 Шаг 4: загрузка m3u8-плейлистов...
[11:06:29]   📺 Плейлист https://raw.githubusercontent.com/OinkTechLLC/livem3u/main/zabava-full.m3u: 2222 записей
[11:06:29]   📺 Плейлист https://raw.githubusercontent.com/OinkTechLtd/rulive/main/russ.m3u: 12 записей
[11:06:29]   📺 Плейлист https://raw.githubusercontent.com/OinkTechLLC/livem3u/main/smotrim.m3u: 310 записей
[11:06:29]   📡 Привязано 0 реальных потоков
[11:06:29] 💾 Реестр каналов сохранён: 25 каналов
[11:06:29] ✅ Итого: 25 каналов в реестре, 2 с реальным расписанием (39 передач), 13.5с
[08:06:29] 📊 schedule.json: 25 каналов, 39 передач
[08:06:29] 🏗️  Собираем docs/...
[08:06:29]   ✅ index.html
[08:06:29]   ✅ embed.html
[08:06:29]   ✅ player.html
[08:06:29] ✅ docs/ собран
[15:19:08] 🤖 Запуск EPG-робота v3 (Node.js)...
[15:19:08] 📂 Загружен реестр каналов: 25 каналов
[15:19:08] 📡 Шаг 1: реальные XMLTV-агрегаторы...
[15:19:08]   → XMLTV: https://epgshare01.online/epgshare01/epg_ripper_ALL_SOURCES1.xml.gz
[15:19:12] ⚠️  https://epgshare01.online/epgshare01/epg_ripper_ALL_SOURCES1.xml.gz: Cannot create a string longer than 0x1fffffe8 characters
[15:19:12]   → XMLTV: https://raw.githubusercontent.com/Free-TV/IPTV/master/epg.xml
[15:19:12] ⚠️  https://raw.githubusercontent.com/Free-TV/IPTV/master/epg.xml: HTTP 404 для https://raw.githubusercontent.com/Free-TV/IPTV/master/epg.xml
[15:19:12]   → XMLTV: https://iptv-org.github.io/epg/guides/ru.xml
[15:19:12] ⚠️  https://iptv-org.github.io/epg/guides/ru.xml: HTTP 404 для https://iptv-org.github.io/epg/guides/ru.xml
[15:19:12] ⚠️  Ни один публичный XMLTV-источник не ответил в этот раз
[15:19:12] 🔍 Шаг 2: веб-поиск расписания для 25 каналов без данных...
[15:19:16]   ✅ Первый канал: 37 передач со страницы programma-peredach.com
[15:19:17]   ✅ Россия 1: 26 передач со страницы programma-peredach.com
[15:19:18] ⚠️  webSearch: ни один backend не дал результатов для "НТВ программа передач сегодня"
[15:19:19] ⚠️  webSearch: ни один backend не дал результатов для "СТС программа передач сегодня"
[15:19:19] ⚠️  webSearch: ни один backend не дал результатов для "РЕН ТВ программа передач сегодня"
[15:19:19] ⚠️  webSearch: ни один backend не дал результатов для "ТНТ программа передач сегодня"
[15:19:20] ⚠️  webSearch: ни один backend не дал результатов для "Пятый канал программа передач сегодня"
[15:19:20] ⚠️  webSearch: ни один backend не дал результатов для "ТВ Центр программа передач сегодня"
[15:19:20] ⚠️  webSearch: ни один backend не дал результатов для "ОТР программа передач сегодня"
[15:19:20] ⚠️  webSearch: ни один backend не дал результатов для "Звезда программа передач сегодня"
[15:19:21] ⚠️  webSearch: ни один backend не дал результатов для "ТВ-3 программа передач сегодня"
[15:19:21] ⚠️  webSearch: ни один backend не дал результатов для "Суббота! программа передач сегодня"
[15:19:21] ⚠️  webSearch: ни один backend не дал результатов для "Дом Кино программа передач сегодня"
[15:19:22] ⚠️  webSearch: ни один backend не дал результатов для "Карусель программа передач сегодня"
[15:19:22] ⚠️  webSearch: ни один backend не дал результатов для "Наука программа передач сегодня"
[15:19:22] ⚠️  webSearch: ни один backend не дал результатов для "МУЗ-ТВ программа передач сегодня"
[15:19:23] ⚠️  webSearch: ни один backend не дал результатов для "Матч! ТВ программа передач сегодня"
[15:19:23] ⚠️  webSearch: ни один backend не дал результатов для "Россия 24 программа передач сегодня"
[15:19:23] ⚠️  webSearch: ни один backend не дал результатов для "Домашний программа передач сегодня"
[15:19:23] ⚠️  webSearch: ни один backend не дал результатов для "Пятница! программа передач сегодня"
[15:19:24] ⚠️  webSearch: ни один backend не дал результатов для "Россия Культура программа передач сегодня"
[15:19:24] ⚠️  webSearch: ни один backend не дал результатов для "ТНТ4 программа передач сегодня"
[15:19:24] ⚠️  webSearch: ни один backend не дал результатов для "2x2 программа передач сегодня"
[15:19:25] ⚠️  webSearch: ни один backend не дал результатов для "Мир программа передач сегодня"
[15:19:25] ⚠️  webSearch: ни один backend не дал результатов для "Спас программа передач сегодня"
[15:19:25] 📺 Шаг 3 (резерв): Яндекс.ТВ API для 23 каналов без расписания...
[15:19:27] ⚠️  Яндекс.ТВ каталог недоступен: HTTP 404 для https://tv.yandex.ru/ajax/i-tv-region/get?resource=schedule&params=%7B%22channelLimit%22%3A1000%2C%22channelProgramsLimit%22%3A1%2C%22fields%22%3A%22schedules%2Cchannel%2Ctitle%2CsiteUrl%2Clogo%2CoriginalSize%2Csrc%2Cid%2Csynonyms%22%7D
[15:19:27] 🎬 Шаг 4: загрузка m3u8-плейлистов...
[15:19:27]   📺 Плейлист https://raw.githubusercontent.com/OinkTechLLC/livem3u/main/zabava-full.m3u: 2222 записей
[15:19:28]   📺 Плейлист https://raw.githubusercontent.com/OinkTechLtd/rulive/main/russ.m3u: 12 записей
[15:19:28]   📺 Плейлист https://raw.githubusercontent.com/OinkTechLLC/livem3u/main/smotrim.m3u: 310 записей
[15:19:28]   📡 Привязано 0 реальных потоков
[15:19:28] 💾 Реестр каналов сохранён: 25 каналов
[15:19:28] ✅ Итого: 25 каналов в реестре, 2 с реальным расписанием (34 передач), 20.1с
[12:19:28] 📊 schedule.json: 25 каналов, 34 передач
[12:19:28] 🏗️  Собираем docs/...
[12:19:28]   ✅ index.html
[12:19:28]   ✅ embed.html
[12:19:28]   ✅ player.html
[12:19:28] ✅ docs/ собран
[19:18:42] 🤖 Запуск EPG-робота v3 (Node.js)...
[19:18:42] 📂 Загружен реестр каналов: 25 каналов
[19:18:42] 📡 Шаг 1: реальные XMLTV-агрегаторы...
[19:18:42]   → XMLTV: https://epgshare01.online/epgshare01/epg_ripper_ALL_SOURCES1.xml.gz
[19:18:46] ⚠️  https://epgshare01.online/epgshare01/epg_ripper_ALL_SOURCES1.xml.gz: Cannot create a string longer than 0x1fffffe8 characters
[19:18:46]   → XMLTV: https://raw.githubusercontent.com/Free-TV/IPTV/master/epg.xml
[19:18:46] ⚠️  https://raw.githubusercontent.com/Free-TV/IPTV/master/epg.xml: HTTP 404 для https://raw.githubusercontent.com/Free-TV/IPTV/master/epg.xml
[19:18:46]   → XMLTV: https://iptv-org.github.io/epg/guides/ru.xml
[19:18:46] ⚠️  https://iptv-org.github.io/epg/guides/ru.xml: HTTP 404 для https://iptv-org.github.io/epg/guides/ru.xml
[19:18:46] ⚠️  Ни один публичный XMLTV-источник не ответил в этот раз
[19:18:46] 🔍 Шаг 2: веб-поиск расписания для 25 каналов без данных...
[19:18:52]   ✅ Первый канал: 37 передач со страницы programma-peredach.com
[19:18:53]   ✅ Россия 1: 26 передач со страницы programma-peredach.com
[19:18:54] ⚠️  webSearch: ни один backend не дал результатов для "НТВ программа передач сегодня"
[19:18:54] ⚠️  webSearch: ни один backend не дал результатов для "СТС программа передач сегодня"
[19:18:55] ⚠️  webSearch: ни один backend не дал результатов для "РЕН ТВ программа передач сегодня"
[19:18:55] ⚠️  webSearch: ни один backend не дал результатов для "ТНТ программа передач сегодня"
[19:18:55] ⚠️  webSearch: ни один backend не дал результатов для "Пятый канал программа передач сегодня"
[19:18:55] ⚠️  webSearch: ни один backend не дал результатов для "ТВ Центр программа передач сегодня"
[19:18:56] ⚠️  webSearch: ни один backend не дал результатов для "ОТР программа передач сегодня"
[19:18:56] ⚠️  webSearch: ни один backend не дал результатов для "Звезда программа передач сегодня"
[19:18:56] ⚠️  webSearch: ни один backend не дал результатов для "ТВ-3 программа передач сегодня"
[19:18:56] ⚠️  webSearch: ни один backend не дал результатов для "Суббота! программа передач сегодня"
[19:18:56] ⚠️  webSearch: ни один backend не дал результатов для "Дом Кино программа передач сегодня"
[19:18:57] ⚠️  webSearch: ни один backend не дал результатов для "Карусель программа передач сегодня"
[19:18:57] ⚠️  webSearch: ни один backend не дал результатов для "Наука программа передач сегодня"
[19:18:57] ⚠️  webSearch: ни один backend не дал результатов для "МУЗ-ТВ программа передач сегодня"
[19:18:57] ⚠️  webSearch: ни один backend не дал результатов для "Матч! ТВ программа передач сегодня"
[19:18:57] ⚠️  webSearch: ни один backend не дал результатов для "Россия 24 программа передач сегодня"
[19:18:58] ⚠️  webSearch: ни один backend не дал результатов для "Домашний программа передач сегодня"
[19:18:58] ⚠️  webSearch: ни один backend не дал результатов для "Пятница! программа передач сегодня"
[19:18:58] ⚠️  webSearch: ни один backend не дал результатов для "Россия Культура программа передач сегодня"
[19:18:58] ⚠️  webSearch: ни один backend не дал результатов для "ТНТ4 программа передач сегодня"
[19:18:59] ⚠️  webSearch: ни один backend не дал результатов для "2x2 программа передач сегодня"
[19:18:59] ⚠️  webSearch: ни один backend не дал результатов для "Мир программа передач сегодня"
[19:18:59] ⚠️  webSearch: ни один backend не дал результатов для "Спас программа передач сегодня"
[19:18:59] 📺 Шаг 3 (резерв): Яндекс.ТВ API для 23 каналов без расписания...
[19:19:00] ⚠️  Яндекс.ТВ каталог недоступен: HTTP 404 для https://tv.yandex.ru/ajax/i-tv-region/get?resource=schedule&params=%7B%22channelLimit%22%3A1000%2C%22channelProgramsLimit%22%3A1%2C%22fields%22%3A%22schedules%2Cchannel%2Ctitle%2CsiteUrl%2Clogo%2CoriginalSize%2Csrc%2Cid%2Csynonyms%22%7D
[19:19:00] 🎬 Шаг 4: загрузка m3u8-плейлистов...
[19:19:00]   📺 Плейлист https://raw.githubusercontent.com/OinkTechLLC/livem3u/main/zabava-full.m3u: 2222 записей
[19:19:00]   📺 Плейлист https://raw.githubusercontent.com/OinkTechLtd/rulive/main/russ.m3u: 12 записей
[19:19:00]   📺 Плейлист https://raw.githubusercontent.com/OinkTechLLC/livem3u/main/smotrim.m3u: 310 записей
[19:19:00]   📡 Привязано 0 реальных потоков
[19:19:00] 💾 Реестр каналов сохранён: 25 каналов
[19:19:00] ✅ Итого: 25 каналов в реестре, 2 с реальным расписанием (24 передач), 18.6с
[16:19:00] 📊 schedule.json: 25 каналов, 24 передач
[16:19:00] 🏗️  Собираем docs/...
[16:19:00]   ✅ index.html
[16:19:00]   ✅ embed.html
[16:19:00]   ✅ player.html
[16:19:00] ✅ docs/ собран
[23:33:45] 🤖 Запуск EPG-робота v3 (Node.js)...
[23:33:45] 📂 Загружен реестр каналов: 25 каналов
[23:33:45] 📡 Шаг 1: реальные XMLTV-агрегаторы...
[23:33:45]   → XMLTV: https://epgshare01.online/epgshare01/epg_ripper_ALL_SOURCES1.xml.gz
[23:33:50] ⚠️  https://epgshare01.online/epgshare01/epg_ripper_ALL_SOURCES1.xml.gz: Cannot create a string longer than 0x1fffffe8 characters
[23:33:50]   → XMLTV: https://raw.githubusercontent.com/Free-TV/IPTV/master/epg.xml
[23:33:50] ⚠️  https://raw.githubusercontent.com/Free-TV/IPTV/master/epg.xml: HTTP 404 для https://raw.githubusercontent.com/Free-TV/IPTV/master/epg.xml
[23:33:50]   → XMLTV: https://iptv-org.github.io/epg/guides/ru.xml
[23:33:50] ⚠️  https://iptv-org.github.io/epg/guides/ru.xml: HTTP 404 для https://iptv-org.github.io/epg/guides/ru.xml
[23:33:50] ⚠️  Ни один публичный XMLTV-источник не ответил в этот раз
[23:33:50] 🔍 Шаг 2: веб-поиск расписания для 25 каналов без данных...
[23:33:51]   ✅ Первый канал: 33 передач со страницы programma-peredach.com
[23:33:53]   ✅ Россия 1: 26 передач со страницы programma-peredach.com
[23:33:54] ⚠️  webSearch: ни один backend не дал результатов для "НТВ программа передач сегодня"
[23:33:54] ⚠️  webSearch: ни один backend не дал результатов для "СТС программа передач сегодня"
[23:33:54] ⚠️  webSearch: ни один backend не дал результатов для "РЕН ТВ программа передач сегодня"
[23:33:54] ⚠️  webSearch: ни один backend не дал результатов для "ТНТ программа передач сегодня"
[23:33:54] ⚠️  webSearch: ни один backend не дал результатов для "Пятый канал программа передач сегодня"
[23:33:54] ⚠️  webSearch: ни один backend не дал результатов для "ТВ Центр программа передач сегодня"
[23:33:55] ⚠️  webSearch: ни один backend не дал результатов для "ОТР программа передач сегодня"
[23:33:55] ⚠️  webSearch: ни один backend не дал результатов для "Звезда программа передач сегодня"
[23:33:55] ⚠️  webSearch: ни один backend не дал результатов для "ТВ-3 программа передач сегодня"
[23:33:55] ⚠️  webSearch: ни один backend не дал результатов для "Суббота! программа передач сегодня"
[23:33:55] ⚠️  webSearch: ни один backend не дал результатов для "Дом Кино программа передач сегодня"
[23:33:55] ⚠️  webSearch: ни один backend не дал результатов для "Карусель программа передач сегодня"
[23:33:56] ⚠️  webSearch: ни один backend не дал результатов для "Наука программа передач сегодня"
[23:33:56] ⚠️  webSearch: ни один backend не дал результатов для "МУЗ-ТВ программа передач сегодня"
[23:33:56] ⚠️  webSearch: ни один backend не дал результатов для "Матч! ТВ программа передач сегодня"
[23:33:56] ⚠️  webSearch: ни один backend не дал результатов для "Россия 24 программа передач сегодня"
[23:33:56] ⚠️  webSearch: ни один backend не дал результатов для "Домашний программа передач сегодня"
[23:33:56] ⚠️  webSearch: ни один backend не дал результатов для "Пятница! программа передач сегодня"
[23:33:56] ⚠️  webSearch: ни один backend не дал результатов для "Россия Культура программа передач сегодня"
[23:33:57] ⚠️  webSearch: ни один backend не дал результатов для "ТНТ4 программа передач сегодня"
[23:33:57] ⚠️  webSearch: ни один backend не дал результатов для "2x2 программа передач сегодня"
[23:33:57] ⚠️  webSearch: ни один backend не дал результатов для "Мир программа передач сегодня"
[23:33:57] ⚠️  webSearch: ни один backend не дал результатов для "Спас программа передач сегодня"
[23:33:57] 📺 Шаг 3 (резерв): Яндекс.ТВ API для 23 каналов без расписания...
[23:33:58] ⚠️  Яндекс.ТВ каталог недоступен: HTTP 404 для https://tv.yandex.ru/ajax/i-tv-region/get?resource=schedule&params=%7B%22channelLimit%22%3A1000%2C%22channelProgramsLimit%22%3A1%2C%22fields%22%3A%22schedules%2Cchannel%2Ctitle%2CsiteUrl%2Clogo%2CoriginalSize%2Csrc%2Cid%2Csynonyms%22%7D
[23:33:58] 🎬 Шаг 4: загрузка m3u8-плейлистов...
[23:33:58]   📺 Плейлист https://raw.githubusercontent.com/OinkTechLLC/livem3u/main/zabava-full.m3u: 2222 записей
[23:33:58]   📺 Плейлист https://raw.githubusercontent.com/OinkTechLtd/rulive/main/russ.m3u: 12 записей
[23:33:58]   📺 Плейлист https://raw.githubusercontent.com/OinkTechLLC/livem3u/main/smotrim.m3u: 310 записей
[23:33:58]   📡 Привязано 0 реальных потоков
[23:33:58] 💾 Реестр каналов сохранён: 25 каналов
[23:33:58] ✅ Итого: 25 каналов в реестре, 2 с реальным расписанием (6 передач), 12.4с
[20:33:58] 📊 schedule.json: 25 каналов, 6 передач
[20:33:58] 🏗️  Собираем docs/...
[20:33:58]   ✅ index.html
[20:33:58]   ✅ embed.html
[20:33:58]   ✅ player.html
[20:33:58] ✅ docs/ собран
[01:59:10] 🤖 Запуск EPG-робота v3 (Node.js)...
[01:59:10] 📂 Загружен реестр каналов: 25 каналов
[01:59:10] 📡 Шаг 1: реальные XMLTV-агрегаторы...
[01:59:10]   → XMLTV: https://epgshare01.online/epgshare01/epg_ripper_ALL_SOURCES1.xml.gz
[01:59:14] ⚠️  https://epgshare01.online/epgshare01/epg_ripper_ALL_SOURCES1.xml.gz: Cannot create a string longer than 0x1fffffe8 characters
[01:59:14]   → XMLTV: https://raw.githubusercontent.com/Free-TV/IPTV/master/epg.xml
[01:59:15] ⚠️  https://raw.githubusercontent.com/Free-TV/IPTV/master/epg.xml: HTTP 404 для https://raw.githubusercontent.com/Free-TV/IPTV/master/epg.xml
[01:59:15]   → XMLTV: https://iptv-org.github.io/epg/guides/ru.xml
[01:59:15] ⚠️  https://iptv-org.github.io/epg/guides/ru.xml: HTTP 404 для https://iptv-org.github.io/epg/guides/ru.xml
[01:59:15] ⚠️  Ни один публичный XMLTV-источник не ответил в этот раз
[01:59:15] 🔍 Шаг 2: веб-поиск расписания для 25 каналов без данных...
[01:59:16]   ✅ Первый канал: 33 передач со страницы programma-peredach.com
[01:59:17]   ✅ Россия 1: 26 передач со страницы programma-peredach.com
[01:59:19] ⚠️  webSearch: ни один backend не дал результатов для "НТВ программа передач сегодня"
[01:59:19] ⚠️  webSearch: ни один backend не дал результатов для "СТС программа передач сегодня"
[01:59:19] ⚠️  webSearch: ни один backend не дал результатов для "РЕН ТВ программа передач сегодня"
[01:59:19] ⚠️  webSearch: ни один backend не дал результатов для "ТНТ программа передач сегодня"
[01:59:19] ⚠️  webSearch: ни один backend не дал результатов для "Пятый канал программа передач сегодня"
[01:59:20] ⚠️  webSearch: ни один backend не дал результатов для "ТВ Центр программа передач сегодня"
[01:59:20] ⚠️  webSearch: ни один backend не дал результатов для "ОТР программа передач сегодня"
[01:59:20] ⚠️  webSearch: ни один backend не дал результатов для "Звезда программа передач сегодня"
[01:59:20] ⚠️  webSearch: ни один backend не дал результатов для "ТВ-3 программа передач сегодня"
[01:59:20] ⚠️  webSearch: ни один backend не дал результатов для "Суббота! программа передач сегодня"
[01:59:20] ⚠️  webSearch: ни один backend не дал результатов для "Дом Кино программа передач сегодня"
[01:59:20] ⚠️  webSearch: ни один backend не дал результатов для "Карусель программа передач сегодня"
[01:59:21] ⚠️  webSearch: ни один backend не дал результатов для "Наука программа передач сегодня"
[01:59:21] ⚠️  webSearch: ни один backend не дал результатов для "МУЗ-ТВ программа передач сегодня"
[01:59:21] ⚠️  webSearch: ни один backend не дал результатов для "Матч! ТВ программа передач сегодня"
[01:59:21] ⚠️  webSearch: ни один backend не дал результатов для "Россия 24 программа передач сегодня"
[01:59:21] ⚠️  webSearch: ни один backend не дал результатов для "Домашний программа передач сегодня"
[01:59:21] ⚠️  webSearch: ни один backend не дал результатов для "Пятница! программа передач сегодня"
[01:59:21] ⚠️  webSearch: ни один backend не дал результатов для "Россия Культура программа передач сегодня"
[01:59:22] ⚠️  webSearch: ни один backend не дал результатов для "ТНТ4 программа передач сегодня"
[01:59:22] ⚠️  webSearch: ни один backend не дал результатов для "2x2 программа передач сегодня"
[01:59:22] ⚠️  webSearch: ни один backend не дал результатов для "Мир программа передач сегодня"
[01:59:22] ⚠️  webSearch: ни один backend не дал результатов для "Спас программа передач сегодня"
[01:59:22] 📺 Шаг 3 (резерв): Яндекс.ТВ API для 23 каналов без расписания...
[01:59:23] ⚠️  Яндекс.ТВ каталог недоступен: HTTP 404 для https://tv.yandex.ru/ajax/i-tv-region/get?resource=schedule&params=%7B%22channelLimit%22%3A1000%2C%22channelProgramsLimit%22%3A1%2C%22fields%22%3A%22schedules%2Cchannel%2Ctitle%2CsiteUrl%2Clogo%2CoriginalSize%2Csrc%2Cid%2Csynonyms%22%7D
[01:59:23] 🎬 Шаг 4: загрузка m3u8-плейлистов...
[01:59:23]   📺 Плейлист https://raw.githubusercontent.com/OinkTechLLC/livem3u/main/zabava-full.m3u: 2222 записей
[01:59:23]   📺 Плейлист https://raw.githubusercontent.com/OinkTechLtd/rulive/main/russ.m3u: 12 записей
[01:59:23]   📺 Плейлист https://raw.githubusercontent.com/OinkTechLLC/livem3u/main/smotrim.m3u: 310 записей
[01:59:23]   📡 Привязано 0 реальных потоков
[01:59:23] 💾 Реестр каналов сохранён: 25 каналов
[01:59:23] ✅ Итого: 25 каналов в реестре, 2 с реальным расписанием (59 передач), 12.8с
[22:59:23] 📊 schedule.json: 25 каналов, 59 передач
[22:59:23] 🏗️  Собираем docs/...
[22:59:23]   ✅ index.html
[22:59:23]   ✅ embed.html
[22:59:23]   ✅ player.html
[22:59:23] ✅ docs/ собран
[08:01:39] 🤖 Запуск EPG-робота v3 (Node.js)...
[08:01:39] 📂 Загружен реестр каналов: 25 каналов
[08:01:39] 📡 Шаг 1: реальные XMLTV-агрегаторы...
[08:01:39]   → XMLTV: https://epgshare01.online/epgshare01/epg_ripper_ALL_SOURCES1.xml.gz
[08:01:43] ⚠️  https://epgshare01.online/epgshare01/epg_ripper_ALL_SOURCES1.xml.gz: Cannot create a string longer than 0x1fffffe8 characters
[08:01:43]   → XMLTV: https://raw.githubusercontent.com/Free-TV/IPTV/master/epg.xml
[08:01:43] ⚠️  https://raw.githubusercontent.com/Free-TV/IPTV/master/epg.xml: HTTP 404 для https://raw.githubusercontent.com/Free-TV/IPTV/master/epg.xml
[08:01:43]   → XMLTV: https://iptv-org.github.io/epg/guides/ru.xml
[08:01:43] ⚠️  https://iptv-org.github.io/epg/guides/ru.xml: HTTP 404 для https://iptv-org.github.io/epg/guides/ru.xml
[08:01:43] ⚠️  Ни один публичный XMLTV-источник не ответил в этот раз
[08:01:43] 🔍 Шаг 2: веб-поиск расписания для 25 каналов без данных...
[08:01:47]   ✅ Первый канал: 32 передач со страницы programma-peredach.com
[08:01:48]   ✅ Россия 1: 23 передач со страницы programma-peredach.com
[08:01:49] ⚠️  webSearch: ни один backend не дал результатов для "НТВ программа передач сегодня"
[08:01:49] ⚠️  webSearch: ни один backend не дал результатов для "СТС программа передач сегодня"
[08:01:49] ⚠️  webSearch: ни один backend не дал результатов для "РЕН ТВ программа передач сегодня"
[08:01:50] ⚠️  webSearch: ни один backend не дал результатов для "ТНТ программа передач сегодня"
[08:01:50] ⚠️  webSearch: ни один backend не дал результатов для "Пятый канал программа передач сегодня"
[08:01:50] ⚠️  webSearch: ни один backend не дал результатов для "ТВ Центр программа передач сегодня"
[08:01:50] ⚠️  webSearch: ни один backend не дал результатов для "ОТР программа передач сегодня"
[08:01:50] ⚠️  webSearch: ни один backend не дал результатов для "Звезда программа передач сегодня"
[08:01:51] ⚠️  webSearch: ни один backend не дал результатов для "ТВ-3 программа передач сегодня"
[08:01:51] ⚠️  webSearch: ни один backend не дал результатов для "Суббота! программа передач сегодня"
[08:01:51] ⚠️  webSearch: ни один backend не дал результатов для "Дом Кино программа передач сегодня"
[08:01:51] ⚠️  webSearch: ни один backend не дал результатов для "Карусель программа передач сегодня"
[08:01:51] ⚠️  webSearch: ни один backend не дал результатов для "Наука программа передач сегодня"
[08:01:52] ⚠️  webSearch: ни один backend не дал результатов для "МУЗ-ТВ программа передач сегодня"
[08:01:52] ⚠️  webSearch: ни один backend не дал результатов для "Матч! ТВ программа передач сегодня"
[08:01:52] ⚠️  webSearch: ни один backend не дал результатов для "Россия 24 программа передач сегодня"
[08:01:52] ⚠️  webSearch: ни один backend не дал результатов для "Домашний программа передач сегодня"
[08:01:53] ⚠️  webSearch: ни один backend не дал результатов для "Пятница! программа передач сегодня"
[08:01:53] ⚠️  webSearch: ни один backend не дал результатов для "Россия Культура программа передач сегодня"
[08:01:53] ⚠️  webSearch: ни один backend не дал результатов для "ТНТ4 программа передач сегодня"
[08:01:53] ⚠️  webSearch: ни один backend не дал результатов для "2x2 программа передач сегодня"
[08:01:53] ⚠️  webSearch: ни один backend не дал результатов для "Мир программа передач сегодня"
[08:01:53] ⚠️  webSearch: ни один backend не дал результатов для "Спас программа передач сегодня"
[08:01:53] 📺 Шаг 3 (резерв): Яндекс.ТВ API для 23 каналов без расписания...
[08:01:54] ⚠️  Яндекс.ТВ каталог недоступен: HTTP 404 для https://tv.yandex.ru/ajax/i-tv-region/get?resource=schedule&params=%7B%22channelLimit%22%3A1000%2C%22channelProgramsLimit%22%3A1%2C%22fields%22%3A%22schedules%2Cchannel%2Ctitle%2CsiteUrl%2Clogo%2CoriginalSize%2Csrc%2Cid%2Csynonyms%22%7D
[08:01:54] 🎬 Шаг 4: загрузка m3u8-плейлистов...
[08:01:54]   📺 Плейлист https://raw.githubusercontent.com/OinkTechLLC/livem3u/main/zabava-full.m3u: 2222 записей
[08:01:54]   📺 Плейлист https://raw.githubusercontent.com/OinkTechLtd/rulive/main/russ.m3u: 12 записей
[08:01:55]   📺 Плейлист https://raw.githubusercontent.com/OinkTechLLC/livem3u/main/smotrim.m3u: 310 записей
[08:01:55]   📡 Привязано 0 реальных потоков
[08:01:55] 💾 Реестр каналов сохранён: 25 каналов
[08:01:55] ✅ Итого: 25 каналов в реестре, 2 с реальным расписанием (42 передач), 15.4с
[05:01:55] 📊 schedule.json: 25 каналов, 42 передач
[05:01:55] 🏗️  Собираем docs/...
[05:01:55]   ✅ index.html
[05:01:55]   ✅ embed.html
[05:01:55]   ✅ player.html
[05:01:55] ✅ docs/ собран
[13:47:44] 🤖 Запуск EPG-робота v3 (Node.js)...
[13:47:44] 📂 Загружен реестр каналов: 25 каналов
[13:47:44] 📡 Шаг 1: реальные XMLTV-агрегаторы...
[13:47:44]   → XMLTV: https://epgshare01.online/epgshare01/epg_ripper_ALL_SOURCES1.xml.gz
[13:47:48] ⚠️  https://epgshare01.online/epgshare01/epg_ripper_ALL_SOURCES1.xml.gz: Cannot create a string longer than 0x1fffffe8 characters
[13:47:48]   → XMLTV: https://raw.githubusercontent.com/Free-TV/IPTV/master/epg.xml
[13:47:48] ⚠️  https://raw.githubusercontent.com/Free-TV/IPTV/master/epg.xml: HTTP 404 для https://raw.githubusercontent.com/Free-TV/IPTV/master/epg.xml
[13:47:48]   → XMLTV: https://iptv-org.github.io/epg/guides/ru.xml
[13:47:49] ⚠️  https://iptv-org.github.io/epg/guides/ru.xml: HTTP 404 для https://iptv-org.github.io/epg/guides/ru.xml
[13:47:49] ⚠️  Ни один публичный XMLTV-источник не ответил в этот раз
[13:47:49] 🔍 Шаг 2: веб-поиск расписания для 25 каналов без данных...
[13:47:52]   ✅ Первый канал: 32 передач со страницы programma-peredach.com
[13:47:53]   ✅ Россия 1: 23 передач со страницы programma-peredach.com
[13:47:54] ⚠️  webSearch: ни один backend не дал результатов для "НТВ программа передач сегодня"
[13:47:54] ⚠️  webSearch: ни один backend не дал результатов для "СТС программа передач сегодня"
[13:47:55] ⚠️  webSearch: ни один backend не дал результатов для "РЕН ТВ программа передач сегодня"
[13:47:55] ⚠️  webSearch: ни один backend не дал результатов для "ТНТ программа передач сегодня"
[13:47:55] ⚠️  webSearch: ни один backend не дал результатов для "Пятый канал программа передач сегодня"
[13:47:55] ⚠️  webSearch: ни один backend не дал результатов для "ТВ Центр программа передач сегодня"
[13:47:56] ⚠️  webSearch: ни один backend не дал результатов для "ОТР программа передач сегодня"
[13:47:56] ⚠️  webSearch: ни один backend не дал результатов для "Звезда программа передач сегодня"
[13:47:56] ⚠️  webSearch: ни один backend не дал результатов для "ТВ-3 программа передач сегодня"
[13:47:57] ⚠️  webSearch: ни один backend не дал результатов для "Суббота! программа передач сегодня"
[13:47:57] ⚠️  webSearch: ни один backend не дал результатов для "Дом Кино программа передач сегодня"
[13:47:57] ⚠️  webSearch: ни один backend не дал результатов для "Карусель программа передач сегодня"
[13:47:58] ⚠️  webSearch: ни один backend не дал результатов для "Наука программа передач сегодня"
[13:47:58] ⚠️  webSearch: ни один backend не дал результатов для "МУЗ-ТВ программа передач сегодня"
[13:47:58] ⚠️  webSearch: ни один backend не дал результатов для "Матч! ТВ программа передач сегодня"
[13:47:58] ⚠️  webSearch: ни один backend не дал результатов для "Россия 24 программа передач сегодня"
[13:47:59] ⚠️  webSearch: ни один backend не дал результатов для "Домашний программа передач сегодня"
[13:47:59] ⚠️  webSearch: ни один backend не дал результатов для "Пятница! программа передач сегодня"
[13:47:59] ⚠️  webSearch: ни один backend не дал результатов для "Россия Культура программа передач сегодня"
[13:48:00] ⚠️  webSearch: ни один backend не дал результатов для "ТНТ4 программа передач сегодня"
[13:48:00] ⚠️  webSearch: ни один backend не дал результатов для "2x2 программа передач сегодня"
[13:48:00] ⚠️  webSearch: ни один backend не дал результатов для "Мир программа передач сегодня"
[13:48:01] ⚠️  webSearch: ни один backend не дал результатов для "Спас программа передач сегодня"
[13:48:01] 📺 Шаг 3 (резерв): Яндекс.ТВ API для 23 каналов без расписания...
[13:48:01] ⚠️  Яндекс.ТВ каталог недоступен: HTTP 404 для https://tv.yandex.ru/ajax/i-tv-region/get?resource=schedule&params=%7B%22channelLimit%22%3A1000%2C%22channelProgramsLimit%22%3A1%2C%22fields%22%3A%22schedules%2Cchannel%2Ctitle%2CsiteUrl%2Clogo%2CoriginalSize%2Csrc%2Cid%2Csynonyms%22%7D
[13:48:01] 🎬 Шаг 4: загрузка m3u8-плейлистов...
[13:48:01]   📺 Плейлист https://raw.githubusercontent.com/OinkTechLLC/livem3u/main/zabava-full.m3u: 2222 записей
[13:48:01]   📺 Плейлист https://raw.githubusercontent.com/OinkTechLtd/rulive/main/russ.m3u: 12 записей
[13:48:01]   📺 Плейлист https://raw.githubusercontent.com/OinkTechLLC/livem3u/main/smotrim.m3u: 310 записей
[13:48:01]   📡 Привязано 0 реальных потоков
[13:48:01] 💾 Реестр каналов сохранён: 25 каналов
[13:48:01] ✅ Итого: 25 каналов в реестре, 2 с реальным расписанием (32 передач), 17.2с
[10:48:02] 📊 schedule.json: 25 каналов, 32 передач
[10:48:02] 🏗️  Собираем docs/...
[10:48:02]   ✅ index.html
[10:48:02]   ✅ embed.html
[10:48:02]   ✅ player.html
[10:48:02] ✅ docs/ собран
[18:33:27] 🤖 Запуск EPG-робота v3 (Node.js)...
[18:33:27] 📂 Загружен реестр каналов: 25 каналов
[18:33:27] 📡 Шаг 1: реальные XMLTV-агрегаторы...
[18:33:27]   → XMLTV: https://epgshare01.online/epgshare01/epg_ripper_ALL_SOURCES1.xml.gz
[18:33:32] ⚠️  https://epgshare01.online/epgshare01/epg_ripper_ALL_SOURCES1.xml.gz: Cannot create a string longer than 0x1fffffe8 characters
[18:33:32]   → XMLTV: https://raw.githubusercontent.com/Free-TV/IPTV/master/epg.xml
[18:33:32] ⚠️  https://raw.githubusercontent.com/Free-TV/IPTV/master/epg.xml: HTTP 404 для https://raw.githubusercontent.com/Free-TV/IPTV/master/epg.xml
[18:33:32]   → XMLTV: https://iptv-org.github.io/epg/guides/ru.xml
[18:33:32] ⚠️  https://iptv-org.github.io/epg/guides/ru.xml: HTTP 404 для https://iptv-org.github.io/epg/guides/ru.xml
[18:33:32] ⚠️  Ни один публичный XMLTV-источник не ответил в этот раз
[18:33:32] 🔍 Шаг 2: веб-поиск расписания для 25 каналов без данных...
[18:33:38]   ✅ Первый канал: 32 передач со страницы programma-peredach.com
[18:33:39]   ✅ Россия 1: 23 передач со страницы programma-peredach.com
[18:33:40] ⚠️  webSearch: ни один backend не дал результатов для "НТВ программа передач сегодня"
[18:33:41] ⚠️  webSearch: ни один backend не дал результатов для "СТС программа передач сегодня"
[18:33:41] ⚠️  webSearch: ни один backend не дал результатов для "РЕН ТВ программа передач сегодня"
[18:33:41] ⚠️  webSearch: ни один backend не дал результатов для "ТНТ программа передач сегодня"
[18:33:42] ⚠️  webSearch: ни один backend не дал результатов для "Пятый канал программа передач сегодня"
[18:33:42] ⚠️  webSearch: ни один backend не дал результатов для "ТВ Центр программа передач сегодня"
[18:33:42] ⚠️  webSearch: ни один backend не дал результатов для "ОТР программа передач сегодня"
[18:33:43] ⚠️  webSearch: ни один backend не дал результатов для "Звезда программа передач сегодня"
[18:33:43] ⚠️  webSearch: ни один backend не дал результатов для "ТВ-3 программа передач сегодня"
[18:33:43] ⚠️  webSearch: ни один backend не дал результатов для "Суббота! программа передач сегодня"
[18:33:44] ⚠️  webSearch: ни один backend не дал результатов для "Дом Кино программа передач сегодня"
[18:33:44] ⚠️  webSearch: ни один backend не дал результатов для "Карусель программа передач сегодня"
[18:33:45] ⚠️  webSearch: ни один backend не дал результатов для "Наука программа передач сегодня"
[18:33:45] ⚠️  webSearch: ни один backend не дал результатов для "МУЗ-ТВ программа передач сегодня"
[18:33:45] ⚠️  webSearch: ни один backend не дал результатов для "Матч! ТВ программа передач сегодня"
[18:33:46] ⚠️  webSearch: ни один backend не дал результатов для "Россия 24 программа передач сегодня"
[18:33:46] ⚠️  webSearch: ни один backend не дал результатов для "Домашний программа передач сегодня"
[18:33:46] ⚠️  webSearch: ни один backend не дал результатов для "Пятница! программа передач сегодня"
[18:33:47] ⚠️  webSearch: ни один backend не дал результатов для "Россия Культура программа передач сегодня"
[18:33:47] ⚠️  webSearch: ни один backend не дал результатов для "ТНТ4 программа передач сегодня"
[18:33:47] ⚠️  webSearch: ни один backend не дал результатов для "2x2 программа передач сегодня"
[18:33:47] ⚠️  webSearch: ни один backend не дал результатов для "Мир программа передач сегодня"
[18:33:48] ⚠️  webSearch: ни один backend не дал результатов для "Спас программа передач сегодня"
[18:33:48] 📺 Шаг 3 (резерв): Яндекс.ТВ API для 23 каналов без расписания...
[18:33:49] ⚠️  Яндекс.ТВ каталог недоступен: HTTP 404 для https://tv.yandex.ru/ajax/i-tv-region/get?resource=schedule&params=%7B%22channelLimit%22%3A1000%2C%22channelProgramsLimit%22%3A1%2C%22fields%22%3A%22schedules%2Cchannel%2Ctitle%2CsiteUrl%2Clogo%2CoriginalSize%2Csrc%2Cid%2Csynonyms%22%7D
[18:33:49] 🎬 Шаг 4: загрузка m3u8-плейлистов...
[18:33:49]   📺 Плейлист https://raw.githubusercontent.com/OinkTechLLC/livem3u/main/zabava-full.m3u: 2222 записей
[18:33:49]   📺 Плейлист https://raw.githubusercontent.com/OinkTechLtd/rulive/main/russ.m3u: 12 записей
[18:33:49]   📺 Плейлист https://raw.githubusercontent.com/OinkTechLLC/livem3u/main/smotrim.m3u: 310 записей
[18:33:49]   📡 Привязано 0 реальных потоков
[18:33:49] 💾 Реестр каналов сохранён: 25 каналов
[18:33:49] ✅ Итого: 25 каналов в реестре, 2 с реальным расписанием (25 передач), 22.1с
[15:33:49] 📊 schedule.json: 25 каналов, 25 передач
[15:33:49] 🏗️  Собираем docs/...
[15:33:49]   ✅ index.html
[15:33:49]   ✅ embed.html
[15:33:49]   ✅ player.html
[15:33:49] ✅ docs/ собран
[22:56:08] 🤖 Запуск EPG-робота v3 (Node.js)...
[22:56:08] 📂 Загружен реестр каналов: 25 каналов
[22:56:08] 📡 Шаг 1: реальные XMLTV-агрегаторы...
[22:56:08]   → XMLTV: https://epgshare01.online/epgshare01/epg_ripper_ALL_SOURCES1.xml.gz
[22:56:12] ⚠️  https://epgshare01.online/epgshare01/epg_ripper_ALL_SOURCES1.xml.gz: Cannot create a string longer than 0x1fffffe8 characters
[22:56:12]   → XMLTV: https://raw.githubusercontent.com/Free-TV/IPTV/master/epg.xml
[22:56:12] ⚠️  https://raw.githubusercontent.com/Free-TV/IPTV/master/epg.xml: HTTP 404 для https://raw.githubusercontent.com/Free-TV/IPTV/master/epg.xml
[22:56:12]   → XMLTV: https://iptv-org.github.io/epg/guides/ru.xml
[22:56:12] ⚠️  https://iptv-org.github.io/epg/guides/ru.xml: HTTP 404 для https://iptv-org.github.io/epg/guides/ru.xml
[22:56:12] ⚠️  Ни один публичный XMLTV-источник не ответил в этот раз
[22:56:12] 🔍 Шаг 2: веб-поиск расписания для 25 каналов без данных...
[22:56:14]   ✅ Первый канал: 32 передач со страницы programma-peredach.com
[22:56:15]   ✅ Россия 1: 23 передач со страницы programma-peredach.com
[22:56:17] ⚠️  webSearch: ни один backend не дал результатов для "НТВ программа передач сегодня"
[22:56:17] ⚠️  webSearch: ни один backend не дал результатов для "СТС программа передач сегодня"
[22:56:17] ⚠️  webSearch: ни один backend не дал результатов для "РЕН ТВ программа передач сегодня"
[22:56:17] ⚠️  webSearch: ни один backend не дал результатов для "ТНТ программа передач сегодня"
[22:56:18] ⚠️  webSearch: ни один backend не дал результатов для "Пятый канал программа передач сегодня"
[22:56:18] ⚠️  webSearch: ни один backend не дал результатов для "ТВ Центр программа передач сегодня"
[22:56:18] ⚠️  webSearch: ни один backend не дал результатов для "ОТР программа передач сегодня"
[22:56:18] ⚠️  webSearch: ни один backend не дал результатов для "Звезда программа передач сегодня"
[22:56:19] ⚠️  webSearch: ни один backend не дал результатов для "ТВ-3 программа передач сегодня"
[22:56:19] ⚠️  webSearch: ни один backend не дал результатов для "Суббота! программа передач сегодня"
[22:56:19] ⚠️  webSearch: ни один backend не дал результатов для "Дом Кино программа передач сегодня"
[22:56:19] ⚠️  webSearch: ни один backend не дал результатов для "Карусель программа передач сегодня"
[22:56:20] ⚠️  webSearch: ни один backend не дал результатов для "Наука программа передач сегодня"
[22:56:20] ⚠️  webSearch: ни один backend не дал результатов для "МУЗ-ТВ программа передач сегодня"
[22:56:20] ⚠️  webSearch: ни один backend не дал результатов для "Матч! ТВ программа передач сегодня"
[22:56:20] ⚠️  webSearch: ни один backend не дал результатов для "Россия 24 программа передач сегодня"
[22:56:20] ⚠️  webSearch: ни один backend не дал результатов для "Домашний программа передач сегодня"
[22:56:21] ⚠️  webSearch: ни один backend не дал результатов для "Пятница! программа передач сегодня"
[22:56:21] ⚠️  webSearch: ни один backend не дал результатов для "Россия Культура программа передач сегодня"
[22:56:21] ⚠️  webSearch: ни один backend не дал результатов для "ТНТ4 программа передач сегодня"
[22:56:21] ⚠️  webSearch: ни один backend не дал результатов для "2x2 программа передач сегодня"
[22:56:22] ⚠️  webSearch: ни один backend не дал результатов для "Мир программа передач сегодня"
[22:56:22] ⚠️  webSearch: ни один backend не дал результатов для "Спас программа передач сегодня"
[22:56:22] 📺 Шаг 3 (резерв): Яндекс.ТВ API для 23 каналов без расписания...
[22:56:23] ⚠️  Яндекс.ТВ каталог недоступен: HTTP 404 для https://tv.yandex.ru/ajax/i-tv-region/get?resource=schedule&params=%7B%22channelLimit%22%3A1000%2C%22channelProgramsLimit%22%3A1%2C%22fields%22%3A%22schedules%2Cchannel%2Ctitle%2CsiteUrl%2Clogo%2CoriginalSize%2Csrc%2Cid%2Csynonyms%22%7D
[22:56:23] 🎬 Шаг 4: загрузка m3u8-плейлистов...
[22:56:23]   📺 Плейлист https://raw.githubusercontent.com/OinkTechLLC/livem3u/main/zabava-full.m3u: 2222 записей
[22:56:23]   📺 Плейлист https://raw.githubusercontent.com/OinkTechLtd/rulive/main/russ.m3u: 12 записей
[22:56:24]   📺 Плейлист https://raw.githubusercontent.com/OinkTechLLC/livem3u/main/smotrim.m3u: 310 записей
[22:56:24]   📡 Привязано 0 реальных потоков
[22:56:24] 💾 Реестр каналов сохранён: 25 каналов
[22:56:24] ✅ Итого: 25 каналов в реестре, 2 с реальным расписанием (10 передач), 15.8с
[19:56:24] 📊 schedule.json: 25 каналов, 10 передач
[19:56:24] 🏗️  Собираем docs/...
[19:56:24]   ✅ index.html
[19:56:24]   ✅ embed.html
[19:56:24]   ✅ player.html
[19:56:24] ✅ docs/ собран
[01:09:44] 🤖 Запуск EPG-робота v3 (Node.js)...
[01:09:44] 📂 Загружен реестр каналов: 25 каналов
[01:09:44] 📡 Шаг 1: реальные XMLTV-агрегаторы...
[01:09:44]   → XMLTV: https://epgshare01.online/epgshare01/epg_ripper_ALL_SOURCES1.xml.gz
[01:09:48] ⚠️  https://epgshare01.online/epgshare01/epg_ripper_ALL_SOURCES1.xml.gz: Cannot create a string longer than 0x1fffffe8 characters
[01:09:48]   → XMLTV: https://raw.githubusercontent.com/Free-TV/IPTV/master/epg.xml
[01:09:48] ⚠️  https://raw.githubusercontent.com/Free-TV/IPTV/master/epg.xml: HTTP 404 для https://raw.githubusercontent.com/Free-TV/IPTV/master/epg.xml
[01:09:48]   → XMLTV: https://iptv-org.github.io/epg/guides/ru.xml
[01:09:48] ⚠️  https://iptv-org.github.io/epg/guides/ru.xml: HTTP 404 для https://iptv-org.github.io/epg/guides/ru.xml
[01:09:48] ⚠️  Ни один публичный XMLTV-источник не ответил в этот раз
[01:09:48] 🔍 Шаг 2: веб-поиск расписания для 25 каналов без данных...
[01:09:51]   ✅ Первый канал: 32 передач со страницы programma-peredach.com
[01:09:53]   ✅ Россия 1: 23 передач со страницы programma-peredach.com
[01:09:54] ⚠️  webSearch: ни один backend не дал результатов для "НТВ программа передач сегодня"
[01:09:54] ⚠️  webSearch: ни один backend не дал результатов для "СТС программа передач сегодня"
[01:09:54] ⚠️  webSearch: ни один backend не дал результатов для "РЕН ТВ программа передач сегодня"
[01:09:54] ⚠️  webSearch: ни один backend не дал результатов для "ТНТ программа передач сегодня"
[01:09:55] ⚠️  webSearch: ни один backend не дал результатов для "Пятый канал программа передач сегодня"
[01:09:55] ⚠️  webSearch: ни один backend не дал результатов для "ТВ Центр программа передач сегодня"
[01:09:55] ⚠️  webSearch: ни один backend не дал результатов для "ОТР программа передач сегодня"
[01:09:55] ⚠️  webSearch: ни один backend не дал результатов для "Звезда программа передач сегодня"
[01:09:55] ⚠️  webSearch: ни один backend не дал результатов для "ТВ-3 программа передач сегодня"
[01:09:56] ⚠️  webSearch: ни один backend не дал результатов для "Суббота! программа передач сегодня"
[01:09:56] ⚠️  webSearch: ни один backend не дал результатов для "Дом Кино программа передач сегодня"
[01:09:56] ⚠️  webSearch: ни один backend не дал результатов для "Карусель программа передач сегодня"
[01:09:56] ⚠️  webSearch: ни один backend не дал результатов для "Наука программа передач сегодня"
[01:09:56] ⚠️  webSearch: ни один backend не дал результатов для "МУЗ-ТВ программа передач сегодня"
[01:09:56] ⚠️  webSearch: ни один backend не дал результатов для "Матч! ТВ программа передач сегодня"
[01:09:57] ⚠️  webSearch: ни один backend не дал результатов для "Россия 24 программа передач сегодня"
[01:09:57] ⚠️  webSearch: ни один backend не дал результатов для "Домашний программа передач сегодня"
[01:09:57] ⚠️  webSearch: ни один backend не дал результатов для "Пятница! программа передач сегодня"
[01:09:57] ⚠️  webSearch: ни один backend не дал результатов для "Россия Культура программа передач сегодня"
[01:09:57] ⚠️  webSearch: ни один backend не дал результатов для "ТНТ4 программа передач сегодня"
[01:09:57] ⚠️  webSearch: ни один backend не дал результатов для "2x2 программа передач сегодня"
[01:09:58] ⚠️  webSearch: ни один backend не дал результатов для "Мир программа передач сегодня"
[01:09:58] ⚠️  webSearch: ни один backend не дал результатов для "Спас программа передач сегодня"
[01:09:58] 📺 Шаг 3 (резерв): Яндекс.ТВ API для 23 каналов без расписания...
[01:09:58] ⚠️  Яндекс.ТВ каталог недоступен: HTTP 404 для https://tv.yandex.ru/ajax/i-tv-region/get?resource=schedule&params=%7B%22channelLimit%22%3A1000%2C%22channelProgramsLimit%22%3A1%2C%22fields%22%3A%22schedules%2Cchannel%2Ctitle%2CsiteUrl%2Clogo%2CoriginalSize%2Csrc%2Cid%2Csynonyms%22%7D
[01:09:58] 🎬 Шаг 4: загрузка m3u8-плейлистов...
[01:09:58]   📺 Плейлист https://raw.githubusercontent.com/OinkTechLLC/livem3u/main/zabava-full.m3u: 2222 записей
[01:09:59]   📺 Плейлист https://raw.githubusercontent.com/OinkTechLtd/rulive/main/russ.m3u: 12 записей
[01:09:59]   📺 Плейлист https://raw.githubusercontent.com/OinkTechLLC/livem3u/main/smotrim.m3u: 310 записей
[01:09:59]   📡 Привязано 0 реальных потоков
[01:09:59] 💾 Реестр каналов сохранён: 25 каналов
[01:09:59] ✅ Итого: 25 каналов в реестре, 2 с реальным расписанием (55 передач), 14.8с
[22:09:59] 📊 schedule.json: 25 каналов, 55 передач
[22:09:59] 🏗️  Собираем docs/...
[22:09:59]   ✅ index.html
[22:09:59]   ✅ embed.html
[22:09:59]   ✅ player.html
[22:09:59] ✅ docs/ собран
[07:14:26] 🤖 Запуск EPG-робота v3 (Node.js)...
[07:14:26] 📂 Загружен реестр каналов: 25 каналов
[07:14:26] 📡 Шаг 1: реальные XMLTV-агрегаторы...
[07:14:26]   → XMLTV: https://epgshare01.online/epgshare01/epg_ripper_ALL_SOURCES1.xml.gz
[07:14:30] ⚠️  https://epgshare01.online/epgshare01/epg_ripper_ALL_SOURCES1.xml.gz: Cannot create a string longer than 0x1fffffe8 characters
[07:14:30]   → XMLTV: https://raw.githubusercontent.com/Free-TV/IPTV/master/epg.xml
[07:14:30] ⚠️  https://raw.githubusercontent.com/Free-TV/IPTV/master/epg.xml: HTTP 404 для https://raw.githubusercontent.com/Free-TV/IPTV/master/epg.xml
[07:14:30]   → XMLTV: https://iptv-org.github.io/epg/guides/ru.xml
[07:14:30] ⚠️  https://iptv-org.github.io/epg/guides/ru.xml: HTTP 404 для https://iptv-org.github.io/epg/guides/ru.xml
[07:14:30] ⚠️  Ни один публичный XMLTV-источник не ответил в этот раз
[07:14:30] 🔍 Шаг 2: веб-поиск расписания для 25 каналов без данных...
[07:14:32]   ✅ Первый канал: 30 передач со страницы programma-peredach.com
[07:14:33]   ✅ Россия 1: 27 передач со страницы programma-peredach.com
[07:14:34] ⚠️  webSearch: ни один backend не дал результатов для "НТВ программа передач сегодня"
[07:14:34] ⚠️  webSearch: ни один backend не дал результатов для "СТС программа передач сегодня"
[07:14:35] ⚠️  webSearch: ни один backend не дал результатов для "РЕН ТВ программа передач сегодня"
[07:14:35] ⚠️  webSearch: ни один backend не дал результатов для "ТНТ программа передач сегодня"
[07:14:35] ⚠️  webSearch: ни один backend не дал результатов для "Пятый канал программа передач сегодня"
[07:14:35] ⚠️  webSearch: ни один backend не дал результатов для "ТВ Центр программа передач сегодня"
[07:14:35] ⚠️  webSearch: ни один backend не дал результатов для "ОТР программа передач сегодня"
[07:14:36] ⚠️  webSearch: ни один backend не дал результатов для "Звезда программа передач сегодня"
[07:14:36] ⚠️  webSearch: ни один backend не дал результатов для "ТВ-3 программа передач сегодня"
[07:14:36] ⚠️  webSearch: ни один backend не дал результатов для "Суббота! программа передач сегодня"
[07:14:36] ⚠️  webSearch: ни один backend не дал результатов для "Дом Кино программа передач сегодня"
[07:14:36] ⚠️  webSearch: ни один backend не дал результатов для "Карусель программа передач сегодня"
[07:14:36] ⚠️  webSearch: ни один backend не дал результатов для "Наука программа передач сегодня"
[07:14:37] ⚠️  webSearch: ни один backend не дал результатов для "МУЗ-ТВ программа передач сегодня"
[07:14:37] ⚠️  webSearch: ни один backend не дал результатов для "Матч! ТВ программа передач сегодня"
[07:14:37] ⚠️  webSearch: ни один backend не дал результатов для "Россия 24 программа передач сегодня"
[07:14:37] ⚠️  webSearch: ни один backend не дал результатов для "Домашний программа передач сегодня"
[07:14:37] ⚠️  webSearch: ни один backend не дал результатов для "Пятница! программа передач сегодня"
[07:14:38] ⚠️  webSearch: ни один backend не дал результатов для "Россия Культура программа передач сегодня"
[07:14:38] ⚠️  webSearch: ни один backend не дал результатов для "ТНТ4 программа передач сегодня"
[07:14:38] ⚠️  webSearch: ни один backend не дал результатов для "2x2 программа передач сегодня"
[07:14:38] ⚠️  webSearch: ни один backend не дал результатов для "Мир программа передач сегодня"
[07:14:38] ⚠️  webSearch: ни один backend не дал результатов для "Спас программа передач сегодня"
[07:14:38] 📺 Шаг 3 (резерв): Яндекс.ТВ API для 23 каналов без расписания...
[07:14:40] ⚠️  Яндекс.ТВ каталог недоступен: HTTP 404 для https://tv.yandex.ru/ajax/i-tv-region/get?resource=schedule&params=%7B%22channelLimit%22%3A1000%2C%22channelProgramsLimit%22%3A1%2C%22fields%22%3A%22schedules%2Cchannel%2Ctitle%2CsiteUrl%2Clogo%2CoriginalSize%2Csrc%2Cid%2Csynonyms%22%7D
[07:14:40] 🎬 Шаг 4: загрузка m3u8-плейлистов...
[07:14:40]   📺 Плейлист https://raw.githubusercontent.com/OinkTechLLC/livem3u/main/zabava-full.m3u: 2222 записей
[07:14:40]   📺 Плейлист https://raw.githubusercontent.com/OinkTechLtd/rulive/main/russ.m3u: 12 записей
[07:14:40]   📺 Плейлист https://raw.githubusercontent.com/OinkTechLLC/livem3u/main/smotrim.m3u: 310 записей
[07:14:40]   📡 Привязано 0 реальных потоков
[07:14:40] 💾 Реестр каналов сохранён: 25 каналов
[07:14:40] ✅ Итого: 25 каналов в реестре, 2 с реальным расписанием (44 передач), 14.3с
[04:14:40] 📊 schedule.json: 25 каналов, 44 передач
[04:14:40] 🏗️  Собираем docs/...
[04:14:40]   ✅ index.html
[04:14:40]   ✅ embed.html
[04:14:40]   ✅ player.html
[04:14:40] ✅ docs/ собран
[12:28:25] 🤖 Запуск EPG-робота v3 (Node.js)...
[12:28:25] 📂 Загружен реестр каналов: 25 каналов
[12:28:25] 📡 Шаг 1: реальные XMLTV-агрегаторы...
[12:28:25]   → XMLTV: https://epgshare01.online/epgshare01/epg_ripper_ALL_SOURCES1.xml.gz
[12:28:29] ⚠️  https://epgshare01.online/epgshare01/epg_ripper_ALL_SOURCES1.xml.gz: Cannot create a string longer than 0x1fffffe8 characters
[12:28:29]   → XMLTV: https://raw.githubusercontent.com/Free-TV/IPTV/master/epg.xml
[12:28:29] ⚠️  https://raw.githubusercontent.com/Free-TV/IPTV/master/epg.xml: HTTP 404 для https://raw.githubusercontent.com/Free-TV/IPTV/master/epg.xml
[12:28:29]   → XMLTV: https://iptv-org.github.io/epg/guides/ru.xml
[12:28:29] ⚠️  https://iptv-org.github.io/epg/guides/ru.xml: HTTP 404 для https://iptv-org.github.io/epg/guides/ru.xml
[12:28:29] ⚠️  Ни один публичный XMLTV-источник не ответил в этот раз
[12:28:29] 🔍 Шаг 2: веб-поиск расписания для 25 каналов без данных...
[12:28:35]   ✅ Первый канал: 30 передач со страницы programma-peredach.com
[12:28:37]   ✅ Россия 1: 27 передач со страницы programma-peredach.com
[12:28:38] ⚠️  webSearch: ни один backend не дал результатов для "НТВ программа передач сегодня"
[12:28:38] ⚠️  webSearch: ни один backend не дал результатов для "СТС программа передач сегодня"
[12:28:38] ⚠️  webSearch: ни один backend не дал результатов для "РЕН ТВ программа передач сегодня"
[12:28:38] ⚠️  webSearch: ни один backend не дал результатов для "ТНТ программа передач сегодня"
[12:28:39] ⚠️  webSearch: ни один backend не дал результатов для "Пятый канал программа передач сегодня"
[12:28:39] ⚠️  webSearch: ни один backend не дал результатов для "ТВ Центр программа передач сегодня"
[12:28:39] ⚠️  webSearch: ни один backend не дал результатов для "ОТР программа передач сегодня"
[12:28:40] ⚠️  webSearch: ни один backend не дал результатов для "Звезда программа передач сегодня"
[12:28:40] ⚠️  webSearch: ни один backend не дал результатов для "ТВ-3 программа передач сегодня"
[12:28:40] ⚠️  webSearch: ни один backend не дал результатов для "Суббота! программа передач сегодня"
[12:28:40] ⚠️  webSearch: ни один backend не дал результатов для "Дом Кино программа передач сегодня"
[12:28:41] ⚠️  webSearch: ни один backend не дал результатов для "Карусель программа передач сегодня"
[12:28:41] ⚠️  webSearch: ни один backend не дал результатов для "Наука программа передач сегодня"
[12:28:41] ⚠️  webSearch: ни один backend не дал результатов для "МУЗ-ТВ программа передач сегодня"
[12:28:41] ⚠️  webSearch: ни один backend не дал результатов для "Матч! ТВ программа передач сегодня"
[12:28:41] ⚠️  webSearch: ни один backend не дал результатов для "Россия 24 программа передач сегодня"
[12:28:42] ⚠️  webSearch: ни один backend не дал результатов для "Домашний программа передач сегодня"
[12:28:42] ⚠️  webSearch: ни один backend не дал результатов для "Пятница! программа передач сегодня"
[12:28:42] ⚠️  webSearch: ни один backend не дал результатов для "Россия Культура программа передач сегодня"
[12:28:42] ⚠️  webSearch: ни один backend не дал результатов для "ТНТ4 программа передач сегодня"
[12:28:43] ⚠️  webSearch: ни один backend не дал результатов для "2x2 программа передач сегодня"
[12:28:43] ⚠️  webSearch: ни один backend не дал результатов для "Мир программа передач сегодня"
[12:28:43] ⚠️  webSearch: ни один backend не дал результатов для "Спас программа передач сегодня"
[12:28:43] 📺 Шаг 3 (резерв): Яндекс.ТВ API для 23 каналов без расписания...
[12:28:44] ⚠️  Яндекс.ТВ каталог недоступен: HTTP 404 для https://tv.yandex.ru/ajax/i-tv-region/get?resource=schedule&params=%7B%22channelLimit%22%3A1000%2C%22channelProgramsLimit%22%3A1%2C%22fields%22%3A%22schedules%2Cchannel%2Ctitle%2CsiteUrl%2Clogo%2CoriginalSize%2Csrc%2Cid%2Csynonyms%22%7D
[12:28:44] 🎬 Шаг 4: загрузка m3u8-плейлистов...
[12:28:44]   📺 Плейлист https://raw.githubusercontent.com/OinkTechLLC/livem3u/main/zabava-full.m3u: 2222 записей
[12:28:44]   📺 Плейлист https://raw.githubusercontent.com/OinkTechLtd/rulive/main/russ.m3u: 12 записей
[12:28:44]   📺 Плейлист https://raw.githubusercontent.com/OinkTechLLC/livem3u/main/smotrim.m3u: 310 записей
[12:28:44]   📡 Привязано 0 реальных потоков
[12:28:44] 💾 Реестр каналов сохранён: 25 каналов
[12:28:44] ✅ Итого: 25 каналов в реестре, 2 с реальным расписанием (34 передач), 19.6с
[09:28:44] 📊 schedule.json: 25 каналов, 34 передач
[09:28:44] 🏗️  Собираем docs/...
[09:28:44]   ✅ index.html
[09:28:44]   ✅ embed.html
[09:28:44]   ✅ player.html
[09:28:44] ✅ docs/ собран
[17:17:29] 🤖 Запуск EPG-робота v3 (Node.js)...
[17:17:29] 📂 Загружен реестр каналов: 25 каналов
[17:17:29] 📡 Шаг 1: реальные XMLTV-агрегаторы...
[17:17:29]   → XMLTV: https://epgshare01.online/epgshare01/epg_ripper_ALL_SOURCES1.xml.gz
[17:17:34] ⚠️  https://epgshare01.online/epgshare01/epg_ripper_ALL_SOURCES1.xml.gz: Cannot create a string longer than 0x1fffffe8 characters
[17:17:34]   → XMLTV: https://raw.githubusercontent.com/Free-TV/IPTV/master/epg.xml
[17:17:34] ⚠️  https://raw.githubusercontent.com/Free-TV/IPTV/master/epg.xml: HTTP 404 для https://raw.githubusercontent.com/Free-TV/IPTV/master/epg.xml
[17:17:34]   → XMLTV: https://iptv-org.github.io/epg/guides/ru.xml
[17:17:34] ⚠️  https://iptv-org.github.io/epg/guides/ru.xml: HTTP 404 для https://iptv-org.github.io/epg/guides/ru.xml
[17:17:34] ⚠️  Ни один публичный XMLTV-источник не ответил в этот раз
[17:17:34] 🔍 Шаг 2: веб-поиск расписания для 25 каналов без данных...
[17:17:39]   ✅ Первый канал: 30 передач со страницы programma-peredach.com
[17:17:40]   ✅ Россия 1: 27 передач со страницы programma-peredach.com
[17:17:41] ⚠️  webSearch: ни один backend не дал результатов для "НТВ программа передач сегодня"
[17:17:41] ⚠️  webSearch: ни один backend не дал результатов для "СТС программа передач сегодня"
[17:17:41] ⚠️  webSearch: ни один backend не дал результатов для "РЕН ТВ программа передач сегодня"
[17:17:42] ⚠️  webSearch: ни один backend не дал результатов для "ТНТ программа передач сегодня"
[17:17:42] ⚠️  webSearch: ни один backend не дал результатов для "Пятый канал программа передач сегодня"
[17:17:42] ⚠️  webSearch: ни один backend не дал результатов для "ТВ Центр программа передач сегодня"
[17:17:42] ⚠️  webSearch: ни один backend не дал результатов для "ОТР программа передач сегодня"
[17:17:42] ⚠️  webSearch: ни один backend не дал результатов для "Звезда программа передач сегодня"
[17:17:43] ⚠️  webSearch: ни один backend не дал результатов для "ТВ-3 программа передач сегодня"
[17:17:43] ⚠️  webSearch: ни один backend не дал результатов для "Суббота! программа передач сегодня"
[17:17:43] ⚠️  webSearch: ни один backend не дал результатов для "Дом Кино программа передач сегодня"
[17:17:43] ⚠️  webSearch: ни один backend не дал результатов для "Карусель программа передач сегодня"
[17:17:43] ⚠️  webSearch: ни один backend не дал результатов для "Наука программа передач сегодня"
[17:17:43] ⚠️  webSearch: ни один backend не дал результатов для "МУЗ-ТВ программа передач сегодня"
[17:17:44] ⚠️  webSearch: ни один backend не дал результатов для "Матч! ТВ программа передач сегодня"
[17:17:44] ⚠️  webSearch: ни один backend не дал результатов для "Россия 24 программа передач сегодня"
[17:17:44] ⚠️  webSearch: ни один backend не дал результатов для "Домашний программа передач сегодня"
[17:17:44] ⚠️  webSearch: ни один backend не дал результатов для "Пятница! программа передач сегодня"
[17:17:44] ⚠️  webSearch: ни один backend не дал результатов для "Россия Культура программа передач сегодня"
[17:17:45] ⚠️  webSearch: ни один backend не дал результатов для "ТНТ4 программа передач сегодня"
[17:17:45] ⚠️  webSearch: ни один backend не дал результатов для "2x2 программа передач сегодня"
[17:17:45] ⚠️  webSearch: ни один backend не дал результатов для "Мир программа передач сегодня"
[17:17:45] ⚠️  webSearch: ни один backend не дал результатов для "Спас программа передач сегодня"
[17:17:45] 📺 Шаг 3 (резерв): Яндекс.ТВ API для 23 каналов без расписания...
[17:17:46] ⚠️  Яндекс.ТВ каталог недоступен: HTTP 404 для https://tv.yandex.ru/ajax/i-tv-region/get?resource=schedule&params=%7B%22channelLimit%22%3A1000%2C%22channelProgramsLimit%22%3A1%2C%22fields%22%3A%22schedules%2Cchannel%2Ctitle%2CsiteUrl%2Clogo%2CoriginalSize%2Csrc%2Cid%2Csynonyms%22%7D
[17:17:46] 🎬 Шаг 4: загрузка m3u8-плейлистов...
[17:17:46]   📺 Плейлист https://raw.githubusercontent.com/OinkTechLLC/livem3u/main/zabava-full.m3u: 2222 записей
[17:17:46]   📺 Плейлист https://raw.githubusercontent.com/OinkTechLtd/rulive/main/russ.m3u: 12 записей
[17:17:46]   📺 Плейлист https://raw.githubusercontent.com/OinkTechLLC/livem3u/main/smotrim.m3u: 310 записей
[17:17:46]   📡 Привязано 0 реальных потоков
[17:17:46] 💾 Реестр каналов сохранён: 25 каналов
[17:17:46] ✅ Итого: 25 каналов в реестре, 2 с реальным расписанием (25 передач), 17.7с
[14:17:47] 📊 schedule.json: 25 каналов, 25 передач
[14:17:47] 🏗️  Собираем docs/...
[14:17:47]   ✅ index.html
[14:17:47]   ✅ embed.html
[14:17:47]   ✅ player.html
[14:17:47] ✅ docs/ собран
